#
# There is insufficient memory for the Java Runtime Environment to continue.
# Native memory allocation (mmap) failed to map 67108864 bytes for Failed to commit area from 0x00000000c1800000 to 0x00000000c5800000 of length 67108864.
# Possible reasons:
#   The system is out of physical RAM or swap space
#   The process is running with CompressedOops enabled, and the Java Heap may be blocking the growth of the native heap
# Possible solutions:
#   Reduce memory load on the system
#   Increase physical memory or swap space
#   Check if swap backing store is full
#   Decrease Java heap size (-Xmx/-Xms)
#   Decrease number of Java threads
#   Decrease Java thread stack sizes (-Xss)
#   Set larger code cache with -XX:ReservedCodeCacheSize=
# This output file may be truncated or incomplete.
#
#  Out of Memory Error (./open/src/hotspot/os/windows/os_windows.cpp:3273), pid=6584, tid=5740
#
# JRE version:  (11.0.12+8) (build )
# Java VM: Java HotSpot(TM) 64-Bit Server VM (11.0.12+8-LTS-237, mixed mode, sharing, tiered, compressed oops, g1 gc, windows-amd64)
# No core dump will be written. Minidumps are not enabled by default on client versions of Windows
#

---------------  S U M M A R Y ------------

Command Line: com.sergioarboleda.cacharrero.CacharreroApplication

Host: Intel(R) Core(TM) i7-3540M CPU @ 3.00GHz, 4 cores, 3G,  Windows 10 , 64 bit Build 19041 (10.0.19041.928)
Time: Mon Nov 22 10:59:15 2021 Hora est. Pacífico, Sudamérica elapsed time: 0.031804 seconds (0d 0h 0m 0s)

---------------  T H R E A D  ---------------

Current thread (0x000001f8f6885000):  JavaThread "Unknown thread" [_thread_in_vm, id=5740, stack(0x00000039c5900000,0x00000039c5a00000)]

Stack: [0x00000039c5900000,0x00000039c5a00000]
Native frames: (J=compiled Java code, j=interpreted, Vv=VM code, C=native code)
V  [jvm.dll+0x617d9a]
V  [jvm.dll+0x74eeef]
V  [jvm.dll+0x750599]
V  [jvm.dll+0x750c23]
V  [jvm.dll+0x2438d8]
V  [jvm.dll+0x61518a]
V  [jvm.dll+0x609f45]
V  [jvm.dll+0x2f85cc]
V  [jvm.dll+0x2f8452]
V  [jvm.dll+0x2fd106]
V  [jvm.dll+0x33f6ef]
V  [jvm.dll+0x33f120]
V  [jvm.dll+0x2d5ca8]
V  [jvm.dll+0x2d6e06]
V  [jvm.dll+0x72a977]
V  [jvm.dll+0x72c21f]
V  [jvm.dll+0x34c469]
V  [jvm.dll+0x710400]
V  [jvm.dll+0x3b5baf]
V  [jvm.dll+0x3b7cb1]
C  [jli.dll+0x520b]
C  [ucrtbase.dll+0x21bb2]
C  [KERNEL32.DLL+0x17034]
C  [ntdll.dll+0x52651]


---------------  P R O C E S S  ---------------

Threads class SMR info:
_java_thread_list=0x000001f8f678b590, length=0, elements={
}

Java Threads: ( => current thread )

Other Threads:
  0x000001f8f689c800 GCTaskThread "GC Thread#0" [stack: 0x00000039c5a00000,0x00000039c5b00000] [id=3896]
  0x000001f8f68b6800 ConcurrentGCThread "G1 Main Marker" [stack: 0x00000039c5b00000,0x00000039c5c00000] [id=1996]
  0x000001f8f68b8800 ConcurrentGCThread "G1 Conc#0" [stack: 0x00000039c5c00000,0x00000039c5d00000] [id=7748]

[error occurred during error reporting (printing all threads), id 0xc0000005, EXCEPTION_ACCESS_VIOLATION (0xc0000005) at pc=0x00007ffc4c5b4f37]

VM state:not at safepoint (not fully initialized)

VM Mutex/Monitor currently owned by a thread:  ([mutex/lock_event])
[0x000001f8f6882150] Heap_lock - owner thread: 0x000001f8f6885000

Heap address: 0x00000000c1800000, size: 1000 MB, Compressed Oops mode: Non-zero based: 0x00000000c1800000
Narrow klass base: 0x0000000000000000, Narrow klass shift: 0

GC Heap History (0 events):
No events

Deoptimization events (0 events):
No events

Classes redefined (0 events):
No events

Internal exceptions (0 events):
No events

Events (0 events):
No events


Dynamic libraries:
0x00007ff78ad20000 - 0x00007ff78ad2f000 	C:\Program Files\Java\jdk-11.0.12\bin\java.exe
0x00007ffc8ac90000 - 0x00007ffc8ae85000 	C:\Windows\SYSTEM32\ntdll.dll
0x00007ffc8a5f0000 - 0x00007ffc8a6ad000 	C:\Windows\System32\KERNEL32.DLL
0x00007ffc88960000 - 0x00007ffc88c28000 	C:\Windows\System32\KERNELBASE.dll
0x00007ffc88800000 - 0x00007ffc88900000 	C:\Windows\System32\ucrtbase.dll
0x00007ffc82580000 - 0x00007ffc82598000 	C:\Program Files\Java\jdk-11.0.12\bin\jli.dll
0x00007ffc83a50000 - 0x00007ffc83a65000 	C:\Program Files\Java\jdk-11.0.12\bin\VCRUNTIME140.dll
0x00007ffc89750000 - 0x00007ffc897fc000 	C:\Windows\System32\ADVAPI32.dll
0x00007ffc895a0000 - 0x00007ffc8963e000 	C:\Windows\System32\msvcrt.dll
0x00007ffc8a170000 - 0x00007ffc8a20b000 	C:\Windows\System32\sechost.dll
0x00007ffc89e50000 - 0x00007ffc89f7b000 	C:\Windows\System32\RPCRT4.dll
0x00007ffc8a440000 - 0x00007ffc8a5e0000 	C:\Windows\System32\USER32.dll
0x00007ffc77c30000 - 0x00007ffc77eca000 	C:\Windows\WinSxS\amd64_microsoft.windows.common-controls_6595b64144ccf1df_6.0.19041.844_none_ca00b6081b84eb1d\COMCTL32.dll
0x00007ffc884b0000 - 0x00007ffc884d2000 	C:\Windows\System32\win32u.dll
0x00007ffc88d30000 - 0x00007ffc88d5a000 	C:\Windows\System32\GDI32.dll
0x00007ffc886f0000 - 0x00007ffc887fb000 	C:\Windows\System32\gdi32full.dll
0x00007ffc77260000 - 0x00007ffc7726a000 	C:\Windows\SYSTEM32\VERSION.dll
0x00007ffc88410000 - 0x00007ffc884ad000 	C:\Windows\System32\msvcp_win.dll
0x00007ffc89510000 - 0x00007ffc89540000 	C:\Windows\System32\IMM32.DLL
0x00007ffc5e1b0000 - 0x00007ffc5e24b000 	C:\Program Files\Java\jdk-11.0.12\bin\msvcp140.dll
0x00007ffc4c2d0000 - 0x00007ffc4cdcf000 	C:\Program Files\Java\jdk-11.0.12\bin\server\jvm.dll
0x00007ffc8a6b0000 - 0x00007ffc8a6b8000 	C:\Windows\System32\PSAPI.DLL
0x00007ffc75ea0000 - 0x00007ffc75ea9000 	C:\Windows\SYSTEM32\WSOCK32.dll
0x00007ffc76710000 - 0x00007ffc76737000 	C:\Windows\SYSTEM32\WINMM.dll
0x00007ffc8a100000 - 0x00007ffc8a16b000 	C:\Windows\System32\WS2_32.dll
0x00007ffc86ce0000 - 0x00007ffc86cf2000 	C:\Windows\SYSTEM32\kernel.appcore.dll
0x00007ffc83e00000 - 0x00007ffc83e10000 	C:\Program Files\Java\jdk-11.0.12\bin\verify.dll
0x00007ffc85920000 - 0x00007ffc85b04000 	C:\Windows\SYSTEM32\DBGHELP.DLL
0x00007ffc71350000 - 0x00007ffc7137c000 	C:\Windows\SYSTEM32\dbgcore.DLL
0x00007ffc88cb0000 - 0x00007ffc88d30000 	C:\Windows\System32\bcryptPrimitives.dll
0x00007ffc834a0000 - 0x00007ffc834c8000 	C:\Program Files\Java\jdk-11.0.12\bin\java.dll
0x00007ffc83a40000 - 0x00007ffc83a4a000 	C:\Program Files\Java\jdk-11.0.12\bin\jimage.dll
0x00007ffc81da0000 - 0x00007ffc81db6000 	C:\Program Files\Java\jdk-11.0.12\bin\zip.dll

dbghelp: loaded successfully - version: 4.0.5 - missing functions: none
symbol engine: initialized successfully - sym options: 0x614 - pdb path: .;C:\Program Files\Java\jdk-11.0.12\bin;C:\Windows\SYSTEM32;C:\Windows\WinSxS\amd64_microsoft.windows.common-controls_6595b64144ccf1df_6.0.19041.844_none_ca00b6081b84eb1d;C:\Program Files\Java\jdk-11.0.12\bin\server

VM Arguments:
java_command: com.sergioarboleda.cacharrero.CacharreroApplication
java_class_path (initial): C:\Users\William Aldana\Desktop\Ciclo4Reto1Backend-main\Reto 1\cacharrero\target\classes;C:\Users\William Aldana\.m2\repository\org\springframework\boot\spring-boot-starter-data-jpa\2.5.6\spring-boot-starter-data-jpa-2.5.6.jar;C:\Users\William Aldana\.m2\repository\org\springframework\boot\spring-boot-starter-aop\2.5.6\spring-boot-starter-aop-2.5.6.jar;C:\Users\William Aldana\.m2\repository\org\springframework\spring-aop\5.3.12\spring-aop-5.3.12.jar;C:\Users\William Aldana\.m2\repository\org\aspectj\aspectjweaver\1.9.7\aspectjweaver-1.9.7.jar;C:\Users\William Aldana\.m2\repository\org\springframework\boot\spring-boot-starter-jdbc\2.5.6\spring-boot-starter-jdbc-2.5.6.jar;C:\Users\William Aldana\.m2\repository\com\zaxxer\HikariCP\4.0.3\HikariCP-4.0.3.jar;C:\Users\William Aldana\.m2\repository\org\springframework\spring-jdbc\5.3.12\spring-jdbc-5.3.12.jar;C:\Users\William Aldana\.m2\repository\jakarta\transaction\jakarta.transaction-api\1.3.3\jakarta.transaction-api-1.3.3.jar;C:\Users\William Aldana\.m2\repository\jakarta\persistence\jakarta.persistence-api\2.2.3\jakarta.persistence-api-2.2.3.jar;C:\Users\William Aldana\.m2\repository\org\hibernate\hibernate-core\5.4.32.Final\hibernate-core-5.4.32.Final.jar;C:\Users\William Aldana\.m2\repository\org\jboss\logging\jboss-logging\3.4.2.Final\jboss-logging-3.4.2.Final.jar;C:\Users\William Aldana\.m2\repository\org\javassist\javassist\3.27.0-GA\javassist-3.27.0-GA.jar;C:\Users\William Aldana\.m2\repository\net\bytebuddy\byte-buddy\1.10.22\byte-buddy-1.10.22.jar;C:\Users\William Aldana\.m2\repository\antlr\antlr\2.7.7\antlr-2.7.7.jar;C:\Users\William Aldana\.m2\repository\org\jboss\jandex\2.2.3.Final\jandex-2.2.3.Final.jar;C:\Users\William Aldana\.m2\repository\com\fasterxml\classmate\1.5.1\classmate-1.5.1.jar;C:\Users\William Aldana\.m2\repository\org\dom4j\dom4j\2.1.3\dom4j-2.1.3.jar;C:\Users\William Aldana\.m2\repository\org\hibernate\common\hibernate-commons-annotations\5.1.2.Final\hibernate-c
Launcher Type: SUN_STANDARD

[Global flags]
     intx CICompilerCount                          = 3                                         {product} {ergonomic}
     uint ConcGCThreads                            = 1                                         {product} {ergonomic}
     uint G1ConcRefinementThreads                  = 4                                         {product} {ergonomic}
   size_t G1HeapRegionSize                         = 1048576                                   {product} {ergonomic}
    uintx GCDrainStackTargetSize                   = 64                                        {product} {ergonomic}
   size_t InitialHeapSize                          = 67108864                                  {product} {ergonomic}
   size_t MarkStackSize                            = 4194304                                   {product} {ergonomic}
   size_t MaxHeapSize                              = 1048576000                                {product} {ergonomic}
   size_t MinHeapDeltaBytes                        = 1048576                                   {product} {ergonomic}
    uintx NonNMethodCodeHeapSize                   = 5830732                                {pd product} {ergonomic}
    uintx NonProfiledCodeHeapSize                  = 122913754                              {pd product} {ergonomic}
    uintx ProfiledCodeHeapSize                     = 122913754                              {pd product} {ergonomic}
    uintx ReservedCodeCacheSize                    = 251658240                              {pd product} {ergonomic}
     bool SegmentedCodeCache                       = true                                      {product} {ergonomic}
     bool UseCompressedClassPointers               = true                                 {lp64_product} {ergonomic}
     bool UseCompressedOops                        = true                                 {lp64_product} {ergonomic}
     bool UseG1GC                                  = true                                      {product} {ergonomic}
     bool UseLargePagesIndividualAllocation        = false                                  {pd product} {ergonomic}

Logging:
Log output configuration:
 #0: stdout all=warning uptime,level,tags
 #1: stderr all=off uptime,level,tags

Environment Variables:
JAVA_HOME=C:\Program Files\Java\jdk-11.0.12
PATH=C:\Program Files\Common Files\Oracle\Java\javapath;C:\Program Files (x86)\Common Files\Oracle\Java\javapath;C:\Windows\system32;C:\Windows;C:\Windows\System32\Wbem;C:\Windows\System32\WindowsPowerShell\v1.0\;C:\Windows\System32\OpenSSH\;C:\Program Files\Git\cmd;C:\Users\William Aldana\AppData\Local\Programs\Python\Python310\Scripts\;C:\Users\William Aldana\AppData\Local\Programs\Python\Python310\;C:\Users\William Aldana\AppData\Local\Microsoft\WindowsApps;C:\Users\William Aldana\AppData\Local\Programs\Microsoft VS Code\bin;C:\Users\William Aldana\AppData\Local\GitHubDesktop\bin
USERNAME=William Aldana
OS=Windows_NT
PROCESSOR_IDENTIFIER=Intel64 Family 6 Model 58 Stepping 9, GenuineIntel



---------------  S Y S T E M  ---------------

OS: Windows 10 , 64 bit Build 19041 (10.0.19041.928)

CPU:total 4 (initial active 4) (2 cores per cpu, 2 threads per core) family 6 model 58 stepping 9 microcode 0x21, cmov, cx8, fxsr, mmx, sse, sse2, sse3, ssse3, sse4.1, sse4.2, popcnt, avx, aes, clmul, erms, ht, tsc, tscinvbit, tscinv

Memory: 4k page, system-wide physical 3999M (231M free)
TotalPageFile size 3999M (AvailPageFile size 31M)
current process WorkingSet (physical memory assigned to process): 9M, peak: 9M
current process commit charge ("private bytes"): 51M, peak: 115M

vm_info: Java HotSpot(TM) 64-Bit Server VM (11.0.12+8-LTS-237) for windows-amd64 JRE (11.0.12+8-LTS-237), built on Jun  8 2021 11:25:59 by "mach5one" with MS VC++ 15.9 (VS2017)

END.
